<?xml version="1.0" encoding="UTF-8" ?>
<data>
  <firstName>First</firstName>
  <lastName>Last</lastName>
  <email>em@il.com</email>
</data>
