<primitive><value>-9223372036854775808</value></primitive>