<primitive><value>4.9E-325</value></primitive>