<primitive><value>4.9E-324</value></primitive>