<primitive><value>false</value></primitive>