<primitive><value>127</value></primitive>