<primitive><value>1</value></primitive>