<primitive><value>T</value></primitive>