<primitive><value>1.4E-46</value></primitive>