<primitive><value>-9223372036854775809</value></primitive>