<primitive><value>0</value></primitive>