<primitive><value>32767</value></primitive>