<primitive><value>1.4E-45</value></primitive>