<primitive><value>-32768</value></primitive>