<primitive><value>F</value></primitive>