<primitive><value>abcd</value></primitive>