<primitive><value>3.4028235E39</value></primitive>