<primitive><value>3.4028235E38</value></primitive>