<primitive><value>-2147483648</value></primitive>