<primitive><value>-128</value></primitive>