<primitive><value>9223372036854775807</value></primitive>