<primitive><value>126.1234</value></primitive>