<primitive><value>2147483647</value></primitive>