<primitive><value>true</value></primitive>